<?xml version="1.0" encoding="UTF-8"?>
<!-- Generated by org.testng.reporters.JUnitReportReporter -->
<testsuite hostname="DESKTOP-LRCM8AR" failures="0" tests="4" name="RestAssured.put_patch_delete_example" time="12.898" errors="0" timestamp="2025-02-04T22:37:41 IST" skipped="0">
  <testcase classname="RestAssured.put_patch_delete_example" name="testput" time="4.533"/>
  <system-out/>
  <testcase classname="RestAssured.put_patch_delete_example" name="testPatch" time="0.680"/>
  <system-out/>
  <testcase classname="RestAssured.put_patch_delete_example" name="testDelete" time="7.203"/>
  <system-out/>
  <testcase classname="RestAssured.put_patch_delete_example" name="testPost" time="0.482"/>
  <system-out/>
</testsuite> <!-- RestAssured.put_patch_delete_example -->
