<?xml version="1.0" encoding="UTF-8"?>
<!-- Generated by org.testng.reporters.JUnitReportReporter -->
<testsuite hostname="DESKTOP-LRCM8AR" failures="0" tests="2" name="frameworkdesign.frameworkdesign.Dummyapp" time="55.033" errors="0" timestamp="2024-07-26T11:16:57 IST" skipped="0">
  <testcase classname="frameworkdesign.frameworkdesign.Dummyapp" name="serachfiled" time="30.818"/>
  <system-out/>
  <testcase classname="frameworkdesign.frameworkdesign.Dummyapp" name="data" time="24.215"/>
  <system-out/>
</testsuite> <!-- frameworkdesign.frameworkdesign.Dummyapp -->
