<?xml version="1.0" encoding="UTF-8"?>
<!-- Generated by org.testng.reporters.JUnitReportReporter -->
<testsuite hostname="DESKTOP-LRCM8AR" failures="0" tests="1" name="Automation.data_provider" time="0.016" errors="0" timestamp="2025-02-03T23:04:19 IST" skipped="0">
  <testcase classname="Automation.data_provider" name="openapp" time="0.016"/>
  <system-out/>
</testsuite> <!-- Automation.data_provider -->
