<?xml version="1.0" encoding="UTF-8"?>
<!-- Generated by org.testng.reporters.JUnitReportReporter -->
<testsuite hostname="DESKTOP-LRCM8AR" failures="0" tests="2" name="SeleniumPractice.practice29102024testng" time="5.486" errors="0" timestamp="2024-10-29T06:39:32 IST" skipped="0">
  <testcase classname="SeleniumPractice.practice29102024testng" name="logo" time="0.099"/>
  <system-out/>
  <testcase classname="SeleniumPractice.practice29102024testng" name="text" time="5.387"/>
  <system-out/>
</testsuite> <!-- SeleniumPractice.practice29102024testng -->
