<?xml version="1.0" encoding="UTF-8"?>
<!-- Generated by org.testng.reporters.JUnitReportReporter -->
<testsuite hostname="DESKTOP-LRCM8AR" failures="0" tests="2" name="RestAssured.getAndPostclass" time="5.758" errors="0" timestamp="2025-02-04T22:21:58 IST" skipped="0">
  <testcase classname="RestAssured.getAndPostclass" name="testGet" time="5.028"/>
  <system-out/>
  <testcase classname="RestAssured.getAndPostclass" name="testPost" time="0.730"/>
  <system-out/>
</testsuite> <!-- RestAssured.getAndPostclass -->
