<?xml version="1.0" encoding="UTF-8"?>
<!-- Generated by org.testng.reporters.JUnitReportReporter -->
<testsuite hostname="DESKTOP-LRCM8AR" failures="0" tests="2" name="frameworkdesign.frameworkdesign.prioritytestng" time="64.779" errors="0" timestamp="2024-07-12T20:43:42 IST" skipped="0">
  <testcase classname="frameworkdesign.frameworkdesign.prioritytestng" name="open" time="23.001"/>
  <system-out/>
  <testcase classname="frameworkdesign.frameworkdesign.prioritytestng" name="grocery" time="41.778"/>
  <system-out/>
</testsuite> <!-- frameworkdesign.frameworkdesign.prioritytestng -->
