<?xml version="1.0" encoding="UTF-8"?>
<!-- Generated by org.testng.reporters.JUnitReportReporter -->
<testsuite hostname="DESKTOP-LRCM8AR" failures="0" tests="2" name="RestAssured.fiirstclass" time="4.524" errors="0" timestamp="2025-02-04T21:23:13 IST" skipped="0">
  <testcase classname="RestAssured.fiirstclass" name="test_2" time="0.344"/>
  <system-out/>
  <testcase classname="RestAssured.fiirstclass" name="test_1" time="4.180"/>
  <system-out/>
</testsuite> <!-- RestAssured.fiirstclass -->
