<?xml version="1.0" encoding="UTF-8"?>
<!-- Generated by org.testng.reporters.JUnitReportReporter -->
<testsuite hostname="L5CD20914MZ" failures="0" tests="9" name="DataProvider.paramclass" time="0.151" errors="0" timestamp="2025-05-28T17:01:37 IST" skipped="0">
  <testcase classname="DataProvider.paramclass" name="testLogo" time="0.037"/>
  <testcase classname="DataProvider.paramclass" name="testLogo" time="0.033"/>
  <testcase classname="DataProvider.paramclass" name="testLogo" time="0.034"/>
  <testcase classname="DataProvider.paramclass" name="testTitle" time="0.009"/>
  <testcase classname="DataProvider.paramclass" name="testTitle" time="0.008"/>
  <testcase classname="DataProvider.paramclass" name="testTitle" time="0.004"/>
  <testcase classname="DataProvider.paramclass" name="testUrl" time="0.005"/>
  <testcase classname="DataProvider.paramclass" name="testUrl" time="0.012"/>
  <testcase classname="DataProvider.paramclass" name="testUrl" time="0.009"/>
</testsuite> <!-- DataProvider.paramclass -->
