<?xml version="1.0" encoding="UTF-8"?>
<!-- Generated by org.testng.reporters.JUnitReportReporter -->
<testsuite hostname="L5CD20914MZ" failures="0" tests="2" name="Grouping.PaymentTests" time="0.006" errors="0" timestamp="2025-05-28T14:33:14 IST" skipped="0">
  <testcase classname="Grouping.PaymentTests" name="paymentInRupeess" time="0.006"/>
  <testcase classname="Grouping.PaymentTests" name="paymentInDollars" time="0.000"/>
</testsuite> <!-- Grouping.PaymentTests -->
