<?xml version="1.0" encoding="UTF-8"?>
<!-- Generated by org.testng.reporters.JUnitReportReporter -->
<testsuite hostname="L5CD20914MZ" failures="0" tests="1" name="pageObject.LOgInTest" time="0.678" errors="0" timestamp="2025-06-03T11:39:07 IST" skipped="0">
  <testcase classname="pageObject.LOgInTest" name="loginTest" time="0.678"/>
</testsuite> <!-- pageObject.LOgInTest -->
