<?xml version="1.0" encoding="UTF-8"?>
<!-- Generated by org.testng.reporters.JUnitReportReporter -->
<testsuite hostname="L5CD20914MZ" failures="0" tests="5" name="DataProvider.Demo1" time="8.467" errors="0" timestamp="2025-05-28T16:08:39 IST" skipped="0">
  <testcase classname="DataProvider.Demo1" name="testlogin" time="5.016"/>
  <testcase classname="DataProvider.Demo1" name="testlogin" time="0.452"/>
  <testcase classname="DataProvider.Demo1" name="testlogin" time="1.053"/>
  <testcase classname="DataProvider.Demo1" name="testlogin" time="0.790"/>
  <testcase classname="DataProvider.Demo1" name="testlogin" time="1.156"/>
</testsuite> <!-- DataProvider.Demo1 -->
