<?xml version="1.0" encoding="UTF-8"?>
<!-- Generated by org.testng.reporters.JUnitReportReporter -->
<testsuite hostname="L5CD20914MZ" failures="0" tests="3" name="Grouping.SignupTests" time="0.011" errors="0" timestamp="2025-05-28T14:26:18 IST" skipped="0">
  <testcase classname="Grouping.SignupTests" name="signupbyemail" time="0.009"/>
  <testcase classname="Grouping.SignupTests" name="signupbyfacebook" time="0.001"/>
  <testcase classname="Grouping.SignupTests" name="signupbytwitter" time="0.001"/>
</testsuite> <!-- Grouping.SignupTests -->
