<?xml version="1.0" encoding="UTF-8"?>
<!-- Generated by org.testng.reporters.JUnitReportReporter -->
<testsuite hostname="L5CD20914MZ" failures="0" tests="3" name="Grouping.LoginTest" time="0.009" errors="0" timestamp="2025-05-28T14:24:25 IST" skipped="0">
  <testcase classname="Grouping.LoginTest" name="loginByEmail" time="0.007"/>
  <testcase classname="Grouping.LoginTest" name="loginByFacebook" time="0.001"/>
  <testcase classname="Grouping.LoginTest" name="loginByTwitter" time="0.001"/>
</testsuite> <!-- Grouping.LoginTest -->
