<?xml version="1.0" encoding="UTF-8"?>
<!-- Generated by org.testng.reporters.JUnitReportReporter -->
<testsuite hostname="L5CD20914MZ" failures="0" tests="2" name="TestNg_setup.AnnotationsDemo2" time="0.009" errors="0" timestamp="2025-05-27T15:37:03 IST" skipped="0">
  <testcase classname="TestNg_setup.AnnotationsDemo2" name="search" time="0.007"/>
  <testcase classname="TestNg_setup.AnnotationsDemo2" name="advsearch" time="0.002"/>
</testsuite> <!-- TestNg_setup.AnnotationsDemo2 -->
