<?xml version="1.0" encoding="UTF-8"?>
<!-- Generated by org.testng.reporters.JUnitReportReporter -->
<testsuite hostname="L5CD20914MZ" failures="0" tests="5" name="TestNg_setup.DependsonMethods" time="0.011" errors="0" timestamp="2025-05-28T13:52:23 IST" skipped="0">
  <testcase classname="TestNg_setup.DependsonMethods" name="openapp" time="0.007"/>
  <testcase classname="TestNg_setup.DependsonMethods" name="login" time="0.001"/>
  <testcase classname="TestNg_setup.DependsonMethods" name="search" time="0.000"/>
  <testcase classname="TestNg_setup.DependsonMethods" name="advsearch" time="0.001"/>
  <testcase classname="TestNg_setup.DependsonMethods" name="logout" time="0.002"/>
</testsuite> <!-- TestNg_setup.DependsonMethods -->
