<?xml version="1.0" encoding="UTF-8"?>
<!-- Generated by org.testng.reporters.JUnitReportReporter -->
<testsuite hostname="L5CD20914MZ" failures="0" tests="3" name="TestNg_setup.FirstClass" time="0.006" errors="0" timestamp="2025-05-27T10:59:43 IST" skipped="0">
  <testcase classname="TestNg_setup.FirstClass" name="open" time="0.003"/>
  <testcase classname="TestNg_setup.FirstClass" name="login" time="0.001"/>
  <testcase classname="TestNg_setup.FirstClass" name="logout" time="0.002"/>
</testsuite> <!-- TestNg_setup.FirstClass -->
