<?xml version="1.0" encoding="UTF-8"?>
<!-- Generated by org.testng.reporters.JUnitReportReporter -->
<testsuite hostname="L5CD20914MZ" failures="0" tests="1" name="TestNG_highlavel.C1" time="0.006" errors="0" timestamp="2025-05-27T17:04:50 IST" skipped="0">
  <testcase classname="TestNG_highlavel.C1" name="abc" time="0.006"/>
</testsuite> <!-- TestNG_highlavel.C1 -->
