<?xml version="1.0" encoding="UTF-8"?>
<!-- Generated by org.testng.reporters.JUnitReportReporter -->
<testsuite hostname="L5CD20914MZ" failures="0" tests="2" name="TestNg_setup.AnnotationsDemo1" time="0.009" errors="0" timestamp="2025-05-27T15:27:48 IST" skipped="0">
  <testcase classname="TestNg_setup.AnnotationsDemo1" name="search" time="0.004"/>
  <testcase classname="TestNg_setup.AnnotationsDemo1" name="advancedsearch" time="0.005"/>
</testsuite> <!-- TestNg_setup.AnnotationsDemo1 -->
