<?xml version="1.0" encoding="UTF-8"?>
<!-- Generated by org.testng.reporters.JUnitReportReporter -->
<testsuite hostname="L5CD20914MZ" failures="0" tests="1" name="TestNG_highlavel.C3" time="0.001" errors="0" timestamp="2025-05-27T17:04:50 IST" skipped="0">
  <testcase classname="TestNG_highlavel.C3" name="pqr" time="0.001"/>
</testsuite> <!-- TestNG_highlavel.C3 -->
