<?xml version="1.0" encoding="UTF-8"?>
<!-- Generated by org.testng.reporters.JUnitReportReporter -->
<testsuite hostname="L5CD20914MZ" failures="0" tests="4" name="TestNg_setup.OrangeHrmTest" time="11.421" errors="0" timestamp="2025-05-27T10:59:43 IST" skipped="0">
  <testcase classname="TestNg_setup.OrangeHrmTest" name="openApp" time="6.009"/>
  <testcase classname="TestNg_setup.OrangeHrmTest" name="testlogo" time="3.062"/>
  <testcase classname="TestNg_setup.OrangeHrmTest" name="login" time="0.162"/>
  <testcase classname="TestNg_setup.OrangeHrmTest" name="logout" time="2.188"/>
</testsuite> <!-- TestNg_setup.OrangeHrmTest -->
