<?xml version="1.0" encoding="UTF-8"?>
<!-- Generated by org.testng.reporters.JUnitReportReporter -->
<testsuite hostname="DESKTOP-LRCM8AR" failures="0" tests="2" name="Atestng.testingset.Demoone" time="0.016" errors="0" timestamp="2024-04-14T04:32:45 IST" skipped="0">
  <testcase classname="Atestng.testingset.Demoone" name="demo2" time="0.007"/>
  <system-out/>
  <testcase classname="Atestng.testingset.Demoone" name="demo1" time="0.009"/>
  <system-out/>
</testsuite> <!-- Atestng.testingset.Demoone -->
