<?xml version="1.0" encoding="UTF-8"?>
<!-- Generated by org.testng.reporters.JUnitReportReporter -->
<testsuite hostname="DESKTOP-LRCM8AR" failures="0" tests="2" name="Atestng.testingset.ab1" time="0.012" errors="0" timestamp="2024-04-16T18:42:45 IST" skipped="0">
  <testcase classname="Atestng.testingset.ab1" name="runtest" time="0.006"/>
  <system-out/>
  <testcase classname="Atestng.testingset.ab1" name="dothis" time="0.006"/>
  <system-out/>
</testsuite> <!-- Atestng.testingset.ab1 -->
