<?xml version="1.0" encoding="UTF-8"?>
<!-- Generated by org.testng.reporters.JUnitReportReporter -->
<testsuite hostname="DESKTOP-LRCM8AR" failures="0" tests="1" name="Atestng.testingset.Demotwo" time="0.010" errors="0" timestamp="2024-05-30T20:18:04 IST" skipped="0">
  <testcase classname="Atestng.testingset.Demotwo" name="Demotwo" time="0.010"/>
  <system-out/>
</testsuite> <!-- Atestng.testingset.Demotwo -->
