<?xml version="1.0" encoding="UTF-8"?>
<!-- Generated by org.testng.reporters.JUnitReportReporter -->
<testsuite hostname="DESKTOP-LRCM8AR" failures="0" tests="2" name="Tutorial_ninja_project.Framework_final.Login_page" time="12.827" errors="0" timestamp="2025-02-15T23:17:04 IST" skipped="0">
  <testcase classname="Tutorial_ninja_project.Framework_final.Login_page" name="loginwithvalidcredential" time="6.808"/>
  <system-out/>
  <testcase classname="Tutorial_ninja_project.Framework_final.Login_page" name="loginwithinvaliddata" time="6.019"/>
  <system-out/>
</testsuite> <!-- Tutorial_ninja_project.Framework_final.Login_page -->
