<?xml version="1.0" encoding="UTF-8"?>
<!-- Generated by org.testng.reporters.JUnitReportReporter -->
<testsuite hostname="DESKTOP-LRCM8AR" failures="0" tests="1" name="Tutorial_ninja_project.Framework_final.Register" time="14.055" errors="0" timestamp="2025-02-15T23:17:04 IST" skipped="0">
  <testcase classname="Tutorial_ninja_project.Framework_final.Register" name="accountregister" time="14.055"/>
  <system-out/>
</testsuite> <!-- Tutorial_ninja_project.Framework_final.Register -->
